<?xml version="1.0" encoding="UTF-8"?>
<!-- Generated by org.testng.reporters.JUnitXMLReporter -->
<testsuite ignored="0" hostname="MacBookPro.lan" failures="3" tests="3" name="TestFrameworkWithDesignPatteren" time="0.316" errors="0" timestamp="2025-09-23T22:26:21 IST">
  <testcase classname="io.cucumber.testng.AbstractTestNGCucumberTests" name="runScenario" time="0.118">
    <failure type="java.lang.NullPointerException" message="Cannot invoke &amp;quot;org.openqa.selenium.WebDriver.findElement(org.openqa.selenium.By)&amp;quot; because &amp;quot;this.driver&amp;quot; is null">
      <![CDATA[java.lang.NullPointerException: Cannot invoke "org.openqa.selenium.WebDriver.findElement(org.openqa.selenium.By)" because "this.driver" is null
at pages.LoginPage.verifyOnloginPage(LoginPage.java:31)
at Steps.LoginSteps.i_am_on_the_login_page(LoginSteps.java:30)
at ✽.I am on the login page(file:///Users/sidhalingesh/Documents/TestPracticeBDDFramework/TestFrameworkWithDesignPatteren/src/test/resources/features/Login.feature:5)
]]>
    </failure>
  </testcase> <!-- runScenario -->
  <testcase classname="io.cucumber.testng.AbstractTestNGCucumberTests" name="runScenario" time="0.118">
    <failure type="java.lang.NullPointerException" message="Cannot invoke &amp;quot;org.openqa.selenium.WebDriver.findElement(org.openqa.selenium.By)&amp;quot; because &amp;quot;this.driver&amp;quot; is null">
      <![CDATA[java.lang.NullPointerException: Cannot invoke "org.openqa.selenium.WebDriver.findElement(org.openqa.selenium.By)" because "this.driver" is null
at pages.LoginPage.verifyOnloginPage(LoginPage.java:31)
at Steps.LoginSteps.i_am_on_the_login_page(LoginSteps.java:30)
at ✽.I am on the login page(file:///Users/sidhalingesh/Documents/TestPracticeBDDFramework/TestFrameworkWithDesignPatteren/src/test/resources/features/Login.feature:5)
]]>
    </failure>
  </testcase> <!-- runScenario -->
  <testcase classname="io.cucumber.testng.AbstractTestNGCucumberTests" name="runScenario" time="0.118">
    <failure type="java.lang.NullPointerException" message="Cannot invoke &amp;quot;org.openqa.selenium.WebDriver.findElement(org.openqa.selenium.By)&amp;quot; because &amp;quot;this.driver&amp;quot; is null">
      <![CDATA[java.lang.NullPointerException: Cannot invoke "org.openqa.selenium.WebDriver.findElement(org.openqa.selenium.By)" because "this.driver" is null
at pages.LoginPage.verifyOnloginPage(LoginPage.java:31)
at Steps.LoginSteps.i_am_on_the_login_page(LoginSteps.java:30)
at ✽.I am on the login page(file:///Users/sidhalingesh/Documents/TestPracticeBDDFramework/TestFrameworkWithDesignPatteren/src/test/resources/features/Login.feature:5)
]]>
    </failure>
  </testcase> <!-- runScenario -->
</testsuite> <!-- TestFrameworkWithDesignPatteren -->
